<?xml version="1.0" encoding="UTF-8"?>
<!-- Generated by org.testng.reporters.JUnitXMLReporter -->
<testsuite hostname="SCOPE-2017-001" name="ApproverContents" tests="1" failures="0" timestamp="11 Sep 2018 19:32:10 GMT" time="0.007" errors="0">
  <testcase name="@BeforeSuite checkSuiteToRun" time="0.0" classname="com.ApproverContents.ApproveDocumentContent">
    <skipped/>
  </testcase> <!-- @BeforeSuite checkSuiteToRun -->
  <testcase name="@BeforeTest checkCaseToRun" time="0.0" classname="com.ApproverContents.ApproveDocumentContent">
    <skipped/>
  </testcase> <!-- @BeforeTest checkCaseToRun -->
  <testcase name="@AfterTest closeBrowser" time="0.0" classname="com.ApproverContents.ApproveDocumentContent">
    <skipped/>
  </testcase> <!-- @AfterTest closeBrowser -->
  <testcase name="TestName" time="0.0" classname="com.ApproverContents.ApproveDocumentContent">
    <skipped/>
  </testcase> <!-- TestName -->
</testsuite> <!-- ApproverContents -->
