<?xml version="1.0" encoding="UTF-8"?>
<!-- Generated by org.testng.reporters.JUnitXMLReporter -->
<testsuite hostname="SCOPE-2017-001" name="AuthorAddWebinarMaterials" tests="1" failures="0" timestamp="23 Oct 2018 20:29:02 GMT" time="0.045" errors="0">
  <testcase name="@BeforeTest checkCaseToRun" time="0.0" classname="com.AuthorAddContents.AuthorAddWebinarMaterials">
    <skipped/>
  </testcase> <!-- @BeforeTest checkCaseToRun -->
  <testcase name="@AfterMethod reporterDataResults" time="0.0" classname="com.AuthorAddContents.AuthorAddWebinarMaterials">
    <skipped/>
  </testcase> <!-- @AfterMethod reporterDataResults -->
  <testcase name="@AfterTest closeBrowser" time="0.0" classname="com.AuthorAddContents.AuthorAddWebinarMaterials">
    <skipped/>
  </testcase> <!-- @AfterTest closeBrowser -->
  <testcase name="TestName" time="0.001" classname="com.AuthorAddContents.AuthorAddWebinarMaterials">
    <skipped/>
  </testcase> <!-- TestName -->
</testsuite> <!-- AuthorAddWebinarMaterials -->
